[Info   :ainavt.lc.lethalconfig] Registered config "LethalConfig/Example/Int Slider"
[Info   :ainavt.lc.lethalconfig] Registered config "LethalConfig/Example/Float Slider"
[Info   :ainavt.lc.lethalconfig] Registered config "LethalConfig/Example/Float Step Slider"
[Info   :ainavt.lc.lethalconfig] Registered config "LethalConfig/Example/Bool Checkbox"
[Info   :ainavt.lc.lethalconfig] Registered config "LethalConfig/Example/Enum Dropdown"
[Info   :ainavt.lc.lethalconfig] Registered config "LethalConfig/Example/Text Input"
[Info   :ainavt.lc.lethalconfig] Registered config "LethalConfig/Example/Multiline Text Input"
[Info   :ainavt.lc.lethalconfig] Registered config "LethalConfig.ConfigItems.GenericButtonConfigItem"
[Info   :ainavt.lc.lethalconfig] Registered config "LethalConfig/Example/Int Input"
[Info   :ainavt.lc.lethalconfig] Registered config "LethalConfig/Example/Float Input"
[Info   :ainavt.lc.lethalconfig] Registered config "LethalConfig/Example/Text Input Dropdown"
[Info   :ainavt.lc.lethalconfig] Finished loading assets.
[Info   :ainavt.lc.lethalconfig] LethalConfig loaded!
[Info   : LethalLib] LethalLib loaded!!
[Info   :ainavt.lc.lethalconfig] Registered config "Lethal Company Input Utils/General/Locale"
[Info   :Lethal Company Input Utils] Registered InputUtilsExtendedMouse Layout Override!
[Info   :Lethal Company Input Utils] InputUtils 0.7.4 has finished loading!
[Error  :CodeRebirth] Failed to load custom assets.
[Info   :LethalNetworkAPI] LethalNetworkAPI v2.1.7 has Loaded.
[Info   :CustomStoryLogs] Yorimor.CustomStoryLogs v1.0.0 loaded!
[Info   :ainavt.lc.lethalconfig] Injecting mod config menu into main menu...
[Info   :ainavt.lc.lethalconfig] Generated 1 mod entries.
[Info   :ainavt.lc.lethalconfig] Generated 14 configs, of which 2 were missing and registered.
[Info   : LethalLib] Adding 0 unlockables to unlockables list
[Info   : LethalLib] Adding 0 items to terminal
[Info   : LethalLib] Found 0 prefabs to fix
[Info   :CustomStoryLogs] Loading unlocked logs
[Info   :CustomStoryLogs] Adding logs
[Info   :ainavt.lc.lethalconfig] Injecting mod config menu into quick menu...
[Info   :ainavt.lc.lethalconfig] Injecting mod config menu into main menu...
[Warning:  HarmonyX] UnpatchAll has been called - This will remove ALL HARMONY PATCHES.
